# JRE version: OpenJDK Runtime Environment Temurin-21.0.5+11 (21.0.5+11) (build 21.0.5+11-LTS)
# Java VM: OpenJDK 64-Bit Server VM Temurin-21.0.5+11 (21.0.5+11-LTS, mixed mode, sharing, tiered, compressed oops, compressed class ptrs, parallel gc, linux-amd64)
GC Precious Log:
 CardTable entry size: 512
 CPUs: 4 total, 4 available
 Memory: 7756M
 Large Page Support: Disabled
 NUMA Support: Disabled
 Compressed Oops: Enabled (32-bit)
 Alignments: Space 512K, Generation 512K, Heap 2M
 Heap Min Capacity: 100M
 Heap Initial Capacity: 100M
 Heap Max Capacity: 1G
 Pre-touch: Disabled
 Parallel Workers: 4
Heap:
 PSYoungGen      total 12800K, used 1533K [0x00000000eab00000, 0x00000000ebb00000, 0x0000000100000000)
  eden space 11264K, 0% used [0x00000000eab00000,0x00000000eab00000,0x00000000eb600000)
  from space 1536K, 99% used [0x00000000eb980000,0x00000000ebaff450,0x00000000ebb00000)
  to   space 2560K, 0% used [0x00000000eb600000,0x00000000eb600000,0x00000000eb880000)
 ParOldGen       total 576000K, used 575860K [0x00000000c0000000, 0x00000000e3280000, 0x00000000eab00000)
  object space 576000K, 99% used [0x00000000c0000000,0x00000000e325d228,0x00000000e3280000)
 Metaspace       used 82939K, committed 84608K, reserved 1179648K
  class space    used 8432K, committed 9152K, reserved 1048576K
GC Heap History (20 events):
Event: 6118.860 GC heap after
{Heap after GC invocations=416 (full 3):
 PSYoungGen      total 12800K, used 256K [0x00000000eab00000, 0x00000000eb980000, 0x0000000100000000)
  eden space 11264K, 0% used [0x00000000eab00000,0x00000000eab00000,0x00000000eb600000)
  from space 1536K, 16% used [0x00000000eb680000,0x00000000eb6c0000,0x00000000eb800000)
  to   space 512K, 0% used [0x00000000eb900000,0x00000000eb900000,0x00000000eb980000)
 ParOldGen       total 559104K, used 558988K [0x00000000c0000000, 0x00000000e2200000, 0x00000000eab00000)
  object space 559104K, 99% used [0x00000000c0000000,0x00000000e21e31d8,0x00000000e2200000)
 Metaspace       used 80623K, committed 82240K, reserved 1179648K
  class space    used 8216K, committed 8960K, reserved 1048576K
}
Event: 6119.139 GC heap before
{Heap before GC invocations=417 (full 3):
 PSYoungGen      total 12800K, used 11520K [0x00000000eab00000, 0x00000000eb980000, 0x0000000100000000)
  eden space 11264K, 100% used [0x00000000eab00000,0x00000000eb600000,0x00000000eb600000)
  from space 1536K, 16% used [0x00000000eb680000,0x00000000eb6c0000,0x00000000eb800000)
  to   space 512K, 0% used [0x00000000eb900000,0x00000000eb900000,0x00000000eb980000)
 ParOldGen       total 559104K, used 558988K [0x00000000c0000000, 0x00000000e2200000, 0x00000000eab00000)
  object space 559104K, 99% used [0x00000000c0000000,0x00000000e21e31d8,0x00000000e2200000)
 Metaspace       used 82071K, committed 83648K, reserved 1179648K
  class space    used 8382K, committed 9088K, reserved 1048576K
}
Event: 6119.153 GC heap after
{Heap after GC invocations=417 (full 3):
 PSYoungGen      total 11776K, used 511K [0x00000000eab00000, 0x00000000eba00000, 0x0000000100000000)
  eden space 11264K, 0% used [0x00000000eab00000,0x00000000eab00000,0x00000000eb600000)
  from space 512K, 99% used [0x00000000eb900000,0x00000000eb97fc48,0x00000000eb980000)
  to   space 2048K, 0% used [0x00000000eb600000,0x00000000eb600000,0x00000000eb800000)
 ParOldGen       total 560128K, used 560104K [0x00000000c0000000, 0x00000000e2300000, 0x00000000eab00000)
  object space 560128K, 99% used [0x00000000c0000000,0x00000000e22fa200,0x00000000e2300000)
 Metaspace       used 82071K, committed 83648K, reserved 1179648K
  class space    used 8382K, committed 9088K, reserved 1048576K
}
Event: 6135.543 GC heap before
{Heap before GC invocations=418 (full 3):
 PSYoungGen      total 11776K, used 11775K [0x00000000eab00000, 0x00000000eba00000, 0x0000000100000000)
  eden space 11264K, 100% used [0x00000000eab00000,0x00000000eb600000,0x00000000eb600000)
  from space 512K, 99% used [0x00000000eb900000,0x00000000eb97fc48,0x00000000eb980000)
  to   space 2048K, 0% used [0x00000000eb600000,0x00000000eb600000,0x00000000eb800000)
 ParOldGen       total 560128K, used 560104K [0x00000000c0000000, 0x00000000e2300000, 0x00000000eab00000)
  object space 560128K, 99% used [0x00000000c0000000,0x00000000e22fa200,0x00000000e2300000)
 Metaspace       used 82392K, committed 84032K, reserved 1179648K
  class space    used 8399K, committed 9152K, reserved 1048576K
}
Event: 6135.554 GC heap after
{Heap after GC invocations=418 (full 3):
 PSYoungGen      total 13312K, used 2047K [0x00000000eab00000, 0x00000000ec200000, 0x0000000100000000)
  eden space 11264K, 0% used [0x00000000eab00000,0x00000000eab00000,0x00000000eb600000)
  from space 2048K, 99% used [0x00000000eb600000,0x00000000eb7ffe28,0x00000000eb800000)
  to   space 6144K, 0% used [0x00000000ebc00000,0x00000000ebc00000,0x00000000ec200000)
 ParOldGen       total 563712K, used 563438K [0x00000000c0000000, 0x00000000e2680000, 0x00000000eab00000)
  object space 563712K, 99% used [0x00000000c0000000,0x00000000e263ba90,0x00000000e2680000)
 Metaspace       used 82392K, committed 84032K, reserved 1179648K
  class space    used 8399K, committed 9152K, reserved 1048576K
}
Event: 6136.119 GC heap before
{Heap before GC invocations=419 (full 3):
 PSYoungGen      total 13312K, used 13311K [0x00000000eab00000, 0x00000000ec200000, 0x0000000100000000)
  eden space 11264K, 100% used [0x00000000eab00000,0x00000000eb600000,0x00000000eb600000)
  from space 2048K, 99% used [0x00000000eb600000,0x00000000eb7ffe28,0x00000000eb800000)
  to   space 6144K, 0% used [0x00000000ebc00000,0x00000000ebc00000,0x00000000ec200000)
 ParOldGen       total 563712K, used 563438K [0x00000000c0000000, 0x00000000e2680000, 0x00000000eab00000)
  object space 563712K, 99% used [0x00000000c0000000,0x00000000e263ba90,0x00000000e2680000)
 Metaspace       used 82506K, committed 84096K, reserved 1179648K
  class space    used 8403K, committed 9152K, reserved 1048576K
}
Event: 6136.130 GC heap after
{Heap after GC invocations=419 (full 3):
 PSYoungGen      total 15872K, used 4138K [0x00000000eab00000, 0x00000000ec080000, 0x0000000100000000)
  eden space 11264K, 0% used [0x00000000eab00000,0x00000000eab00000,0x00000000eb600000)
  from space 4608K, 89% used [0x00000000ebc00000,0x00000000ec00a8f0,0x00000000ec080000)
  to   space 4608K, 0% used [0x00000000eb780000,0x00000000eb780000,0x00000000ebc00000)
 ParOldGen       total 565760K, used 565510K [0x00000000c0000000, 0x00000000e2880000, 0x00000000eab00000)
  object space 565760K, 99% used [0x00000000c0000000,0x00000000e28418b8,0x00000000e2880000)
 Metaspace       used 82506K, committed 84096K, reserved 1179648K
  class space    used 8403K, committed 9152K, reserved 1048576K
}
Event: 6137.270 GC heap before
{Heap before GC invocations=420 (full 3):
 PSYoungGen      total 15872K, used 15402K [0x00000000eab00000, 0x00000000ec080000, 0x0000000100000000)
  eden space 11264K, 100% used [0x00000000eab00000,0x00000000eb600000,0x00000000eb600000)
  from space 4608K, 89% used [0x00000000ebc00000,0x00000000ec00a8f0,0x00000000ec080000)
  to   space 4608K, 0% used [0x00000000eb780000,0x00000000eb780000,0x00000000ebc00000)
 ParOldGen       total 565760K, used 565510K [0x00000000c0000000, 0x00000000e2880000, 0x00000000eab00000)
  object space 565760K, 99% used [0x00000000c0000000,0x00000000e28418b8,0x00000000e2880000)
 Metaspace       used 82554K, committed 84160K, reserved 1179648K
  class space    used 8403K, committed 9152K, reserved 1048576K
}
Event: 6137.280 GC heap after
{Heap after GC invocations=420 (full 3):
 PSYoungGen      total 12288K, used 942K [0x00000000eab00000, 0x00000000ebc80000, 0x0000000100000000)
  eden space 11264K, 0% used [0x00000000eab00000,0x00000000eab00000,0x00000000eb600000)
  from space 1024K, 92% used [0x00000000eb780000,0x00000000eb86b938,0x00000000eb880000)
  to   space 2560K, 0% used [0x00000000eba00000,0x00000000eba00000,0x00000000ebc80000)
 ParOldGen       total 569344K, used 569014K [0x00000000c0000000, 0x00000000e2c00000, 0x00000000eab00000)
  object space 569344K, 99% used [0x00000000c0000000,0x00000000e2bad9a0,0x00000000e2c00000)
 Metaspace       used 82554K, committed 84160K, reserved 1179648K
  class space    used 8403K, committed 9152K, reserved 1048576K
}
Event: 6225.667 GC heap before
{Heap before GC invocations=421 (full 3):
 PSYoungGen      total 12288K, used 12206K [0x00000000eab00000, 0x00000000ebc80000, 0x0000000100000000)
  eden space 11264K, 100% used [0x00000000eab00000,0x00000000eb600000,0x00000000eb600000)
  from space 1024K, 92% used [0x00000000eb780000,0x00000000eb86b938,0x00000000eb880000)
  to   space 2560K, 0% used [0x00000000eba00000,0x00000000eba00000,0x00000000ebc80000)
 ParOldGen       total 569344K, used 569014K [0x00000000c0000000, 0x00000000e2c00000, 0x00000000eab00000)
  object space 569344K, 99% used [0x00000000c0000000,0x00000000e2bad9a0,0x00000000e2c00000)
 Metaspace       used 82662K, committed 84288K, reserved 1179648K
  class space    used 8415K, committed 9152K, reserved 1048576K
}
Event: 6225.673 GC heap after
{Heap after GC invocations=421 (full 3):
 PSYoungGen      total 13312K, used 1661K [0x00000000eab00000, 0x00000000ebc00000, 0x0000000100000000)
  eden space 11264K, 0% used [0x00000000eab00000,0x00000000eab00000,0x00000000eb600000)
  from space 2048K, 81% used [0x00000000eba00000,0x00000000ebb9f470,0x00000000ebc00000)
  to   space 2048K, 0% used [0x00000000eb800000,0x00000000eb800000,0x00000000eba00000)
 ParOldGen       total 569856K, used 569817K [0x00000000c0000000, 0x00000000e2c80000, 0x00000000eab00000)
  object space 569856K, 99% used [0x00000000c0000000,0x00000000e2c764a8,0x00000000e2c80000)
 Metaspace       used 82662K, committed 84288K, reserved 1179648K
  class space    used 8415K, committed 9152K, reserved 1048576K
}
Event: 6225.978 GC heap before
{Heap before GC invocations=422 (full 3):
 PSYoungGen      total 13312K, used 12925K [0x00000000eab00000, 0x00000000ebc00000, 0x0000000100000000)
  eden space 11264K, 100% used [0x00000000eab00000,0x00000000eb600000,0x00000000eb600000)
  from space 2048K, 81% used [0x00000000eba00000,0x00000000ebb9f470,0x00000000ebc00000)
  to   space 2048K, 0% used [0x00000000eb800000,0x00000000eb800000,0x00000000eba00000)
 ParOldGen       total 569856K, used 569817K [0x00000000c0000000, 0x00000000e2c80000, 0x00000000eab00000)
  object space 569856K, 99% used [0x00000000c0000000,0x00000000e2c764a8,0x00000000e2c80000)
 Metaspace       used 82704K, committed 84352K, reserved 1179648K
  class space    used 8415K, committed 9152K, reserved 1048576K
}
Event: 6225.984 GC heap after
{Heap after GC invocations=422 (full 3):
 PSYoungGen      total 13312K, used 2045K [0x00000000eab00000, 0x00000000ebf00000, 0x0000000100000000)
  eden space 11264K, 0% used [0x00000000eab00000,0x00000000eab00000,0x00000000eb600000)
  from space 2048K, 99% used [0x00000000eb800000,0x00000000eb9ff450,0x00000000eba00000)
  to   space 4608K, 0% used [0x00000000eba80000,0x00000000eba80000,0x00000000ebf00000)
 ParOldGen       total 571904K, used 571567K [0x00000000c0000000, 0x00000000e2e80000, 0x00000000eab00000)
  object space 571904K, 99% used [0x00000000c0000000,0x00000000e2e2be80,0x00000000e2e80000)
 Metaspace       used 82704K, committed 84352K, reserved 1179648K
  class space    used 8415K, committed 9152K, reserved 1048576K
}
Event: 6235.634 GC heap before
{Heap before GC invocations=423 (full 3):
 PSYoungGen      total 13312K, used 13309K [0x00000000eab00000, 0x00000000ebf00000, 0x0000000100000000)
  eden space 11264K, 100% used [0x00000000eab00000,0x00000000eb600000,0x00000000eb600000)
  from space 2048K, 99% used [0x00000000eb800000,0x00000000eb9ff450,0x00000000eba00000)
  to   space 4608K, 0% used [0x00000000eba80000,0x00000000eba80000,0x00000000ebf00000)
 ParOldGen       total 571904K, used 571567K [0x00000000c0000000, 0x00000000e2e80000, 0x00000000eab00000)
  object space 571904K, 99% used [0x00000000c0000000,0x00000000e2e2be80,0x00000000e2e80000)
 Metaspace       used 82905K, committed 84480K, reserved 1179648K
  class space    used 8431K, committed 9152K, reserved 1048576K
}
Event: 6235.637 GC heap after
{Heap after GC invocations=423 (full 3):
 PSYoungGen      total 14336K, used 2573K [0x00000000eab00000, 0x00000000ebd80000, 0x0000000100000000)
  eden space 11264K, 0% used [0x00000000eab00000,0x00000000eab00000,0x00000000eb600000)
  from space 3072K, 83% used [0x00000000eba80000,0x00000000ebd03480,0x00000000ebd80000)
  to   space 3072K, 0% used [0x00000000eb780000,0x00000000eb780000,0x00000000eba80000)
 ParOldGen       total 573440K, used 573354K [0x00000000c0000000, 0x00000000e3000000, 0x00000000eab00000)
  object space 573440K, 99% used [0x00000000c0000000,0x00000000e2fea8f8,0x00000000e3000000)
 Metaspace       used 82905K, committed 84480K, reserved 1179648K
  class space    used 8431K, committed 9152K, reserved 1048576K
}
Event: 6236.012 GC heap before
{Heap before GC invocations=424 (full 3):
 PSYoungGen      total 14336K, used 13837K [0x00000000eab00000, 0x00000000ebd80000, 0x0000000100000000)
  eden space 11264K, 100% used [0x00000000eab00000,0x00000000eb600000,0x00000000eb600000)
  from space 3072K, 83% used [0x00000000eba80000,0x00000000ebd03480,0x00000000ebd80000)
  to   space 3072K, 0% used [0x00000000eb780000,0x00000000eb780000,0x00000000eba80000)
 ParOldGen       total 573440K, used 573354K [0x00000000c0000000, 0x00000000e3000000, 0x00000000eab00000)
  object space 573440K, 99% used [0x00000000c0000000,0x00000000e2fea8f8,0x00000000e3000000)
 Metaspace       used 82928K, committed 84544K, reserved 1179648K
  class space    used 8431K, committed 9152K, reserved 1048576K
}
Event: 6236.018 GC heap after
{Heap after GC invocations=424 (full 3):
 PSYoungGen      total 12288K, used 624K [0x00000000eab00000, 0x00000000ebb00000, 0x0000000100000000)
  eden space 11264K, 0% used [0x00000000eab00000,0x00000000eab00000,0x00000000eb600000)
  from space 1024K, 60% used [0x00000000eb780000,0x00000000eb81c010,0x00000000eb880000)
  to   space 1536K, 0% used [0x00000000eb980000,0x00000000eb980000,0x00000000ebb00000)
 ParOldGen       total 576000K, used 575500K [0x00000000c0000000, 0x00000000e3280000, 0x00000000eab00000)
  object space 576000K, 99% used [0x00000000c0000000,0x00000000e32031f8,0x00000000e3280000)
 Metaspace       used 82928K, committed 84544K, reserved 1179648K
  class space    used 8431K, committed 9152K, reserved 1048576K
}
Event: 6236.053 GC heap before
{Heap before GC invocations=425 (full 3):
 PSYoungGen      total 12288K, used 8511K [0x00000000eab00000, 0x00000000ebb00000, 0x0000000100000000)
  eden space 11264K, 70% used [0x00000000eab00000,0x00000000eb2b3f50,0x00000000eb600000)
  from space 1024K, 60% used [0x00000000eb780000,0x00000000eb81c010,0x00000000eb880000)
  to   space 1536K, 0% used [0x00000000eb980000,0x00000000eb980000,0x00000000ebb00000)
 ParOldGen       total 576000K, used 575500K [0x00000000c0000000, 0x00000000e3280000, 0x00000000eab00000)
  object space 576000K, 99% used [0x00000000c0000000,0x00000000e32031f8,0x00000000e3280000)
 Metaspace       used 82939K, committed 84608K, reserved 1179648K
  class space    used 8432K, committed 9152K, reserved 1048576K
}
Event: 6236.056 GC heap after
{Heap after GC invocations=425 (full 3):
 PSYoungGen      total 12800K, used 1533K [0x00000000eab00000, 0x00000000ebb00000, 0x0000000100000000)
  eden space 11264K, 0% used [0x00000000eab00000,0x00000000eab00000,0x00000000eb600000)
  from space 1536K, 99% used [0x00000000eb980000,0x00000000ebaff450,0x00000000ebb00000)
  to   space 2560K, 0% used [0x00000000eb600000,0x00000000eb600000,0x00000000eb880000)
 ParOldGen       total 576000K, used 575860K [0x00000000c0000000, 0x00000000e3280000, 0x00000000eab00000)
  object space 576000K, 99% used [0x00000000c0000000,0x00000000e325d228,0x00000000e3280000)
 Metaspace       used 82939K, committed 84608K, reserved 1179648K
  class space    used 8432K, committed 9152K, reserved 1048576K
}
Event: 6236.056 GC heap before
{Heap before GC invocations=426 (full 4):
 PSYoungGen      total 12800K, used 1533K [0x00000000eab00000, 0x00000000ebb00000, 0x0000000100000000)
  eden space 11264K, 0% used [0x00000000eab00000,0x00000000eab00000,0x00000000eb600000)
  from space 1536K, 99% used [0x00000000eb980000,0x00000000ebaff450,0x00000000ebb00000)
  to   space 2560K, 0% used [0x00000000eb600000,0x00000000eb600000,0x00000000eb880000)
 ParOldGen       total 576000K, used 575860K [0x00000000c0000000, 0x00000000e3280000, 0x00000000eab00000)
  object space 576000K, 99% used [0x00000000c0000000,0x00000000e325d228,0x00000000e3280000)
 Metaspace       used 82939K, committed 84608K, reserved 1179648K
  class space    used 8432K, committed 9152K, reserved 1048576K
}

